Loading db file '/usr/cad/CBDK/CBDK018_UMC_Faraday_v1.0/orig_lib/fsa0m_a/2009Q2v2.0/GENERIC_CORE/FrontEnd/synopsys/fsa0m_a_generic_core_ss1p62v125c.db'
Loading db file '/home/user2/vsd23/vsd2329/2023_VSD_HW4_Cache1/sim/SRAM/SRAM_WC.db'
Loading db file '/home/user2/vsd23/vsd2329/2023_VSD_HW4_Cache1/sim/data_array/data_array_WC.db'
Loading db file '/home/user2/vsd23/vsd2329/2023_VSD_HW4_Cache1/sim/tag_array/tag_array_WC.db'
Information: Propagating switching activity (low effort zero delay simulation). (PWR-6)
Warning: Design has unannotated primary inputs. (PWR-414)
Warning: Design has unannotated sequential cell outputs. (PWR-415)
Warning: Design has unannotated black box outputs. (PWR-428)
 
****************************************
Report : power
        -analysis_effort low
Design : top
Version: O-2018.06
Date   : Tue Dec 19 22:40:45 2023
****************************************


Library(s) Used:

    fsa0m_a_generic_core_ss1p62v125c (File: /usr/cad/CBDK/CBDK018_UMC_Faraday_v1.0/orig_lib/fsa0m_a/2009Q2v2.0/GENERIC_CORE/FrontEnd/synopsys/fsa0m_a_generic_core_ss1p62v125c.db)
    SRAM_WC (File: /home/user2/vsd23/vsd2329/2023_VSD_HW4_Cache1/sim/SRAM/SRAM_WC.db)
    tag_array_WC (File: /home/user2/vsd23/vsd2329/2023_VSD_HW4_Cache1/sim/tag_array/tag_array_WC.db)
    data_array_WC (File: /home/user2/vsd23/vsd2329/2023_VSD_HW4_Cache1/sim/data_array/data_array_WC.db)


Operating Conditions: WCCOM   Library: fsa0m_a_generic_core_ss1p62v125c
Wire Load Model Mode: enclosed

Design        Wire Load Model            Library
------------------------------------------------
top                    enG2000K          fsa0m_a_generic_core_ss1p62v125c
CPU_wrapper            enG200K           fsa0m_a_generic_core_ss1p62v125c
AXI                    enG5K             fsa0m_a_generic_core_ss1p62v125c
ROM_Wrapper            enG30K            fsa0m_a_generic_core_ss1p62v125c
SRAM_wrapper_1         enG500K           fsa0m_a_generic_core_ss1p62v125c
SRAM_wrapper_0         enG500K           fsa0m_a_generic_core_ss1p62v125c
Sensor_wrapper         enG100K           fsa0m_a_generic_core_ss1p62v125c
WDT_Wrapper            enG5K             fsa0m_a_generic_core_ss1p62v125c
DRAM_wrapper           enG100K           fsa0m_a_generic_core_ss1p62v125c
CPU                    enG50K            fsa0m_a_generic_core_ss1p62v125c
L1C_inst               enG50K            fsa0m_a_generic_core_ss1p62v125c
Master_Read_1          enG5K             fsa0m_a_generic_core_ss1p62v125c
L1C_data               enG50K            fsa0m_a_generic_core_ss1p62v125c
Master_Write           enG5K             fsa0m_a_generic_core_ss1p62v125c
AR_wrapper_6           enG10K            fsa0m_a_generic_core_ss1p62v125c
R_wrapper_6            enG10K            fsa0m_a_generic_core_ss1p62v125c
AR_wrapper_5           enG10K            fsa0m_a_generic_core_ss1p62v125c
AW_wrapper_4           enG10K            fsa0m_a_generic_core_ss1p62v125c
W_wrapper_4            enG30K            fsa0m_a_generic_core_ss1p62v125c
B_wrapper_4            enG10K            fsa0m_a_generic_core_ss1p62v125c
Bridge_Write           enG5K             fsa0m_a_generic_core_ss1p62v125c
Bridge_Read            enG5K             fsa0m_a_generic_core_ss1p62v125c
Slave_Read_ROM         enG5K             fsa0m_a_generic_core_ss1p62v125c
Slave_Read_3           enG5K             fsa0m_a_generic_core_ss1p62v125c
Slave_Write_3          enG5K             fsa0m_a_generic_core_ss1p62v125c
sensor_ctrl            enG30K            fsa0m_a_generic_core_ss1p62v125c
WDT                    enG5K             fsa0m_a_generic_core_ss1p62v125c
synchronizer_1bit_logic_1
                       enG5K             fsa0m_a_generic_core_ss1p62v125c
synchronizer_1bit_logic_0
                       enG5K             fsa0m_a_generic_core_ss1p62v125c
synchronizer_32bit_logic
                       enG5K             fsa0m_a_generic_core_ss1p62v125c
Slave_Read_DRAM        enG5K             fsa0m_a_generic_core_ss1p62v125c
Slave_Write_DRAM       enG5K             fsa0m_a_generic_core_ss1p62v125c
Controller             enG5K             fsa0m_a_generic_core_ss1p62v125c
Mux_7                  enG5K             fsa0m_a_generic_core_ss1p62v125c
Reg_PC                 enG5K             fsa0m_a_generic_core_ss1p62v125c
Reg_IF_ID              enG5K             fsa0m_a_generic_core_ss1p62v125c
MUX_fordelay           enG5K             fsa0m_a_generic_core_ss1p62v125c
Decoder                enG5K             fsa0m_a_generic_core_ss1p62v125c
Imm_Ext                enG5K             fsa0m_a_generic_core_ss1p62v125c
RegFile                enG30K            fsa0m_a_generic_core_ss1p62v125c
Reg_ID_EXE             enG5K             fsa0m_a_generic_core_ss1p62v125c
INTR_CONTROLLER        enG5K             fsa0m_a_generic_core_ss1p62v125c
Mux_3_2                enG5K             fsa0m_a_generic_core_ss1p62v125c
ALU                    enG5K             fsa0m_a_generic_core_ss1p62v125c
Mul                    enG10K            fsa0m_a_generic_core_ss1p62v125c
JB_Unit                enG5K             fsa0m_a_generic_core_ss1p62v125c
CSR                    enG5K             fsa0m_a_generic_core_ss1p62v125c
Reg_EXE_MEM            enG5K             fsa0m_a_generic_core_ss1p62v125c
wen_shift              enG5K             fsa0m_a_generic_core_ss1p62v125c
Reg_MEM_WB             enG5K             fsa0m_a_generic_core_ss1p62v125c
LD_Filter              enG5K             fsa0m_a_generic_core_ss1p62v125c
data_array_wrapper_1   enG50K            fsa0m_a_generic_core_ss1p62v125c
tag_array_wrapper_1    enG10K            fsa0m_a_generic_core_ss1p62v125c
AFIFO_CDC_47bit_28     enG10K            fsa0m_a_generic_core_ss1p62v125c
AFIFO_CDC_1bit_28      enG5K             fsa0m_a_generic_core_ss1p62v125c
AFIFO_CDC_47bit_27     enG10K            fsa0m_a_generic_core_ss1p62v125c
AFIFO_CDC_1bit_27      enG5K             fsa0m_a_generic_core_ss1p62v125c
DFF_1_12               enG5K             fsa0m_a_generic_core_ss1p62v125c
DFF_2                  enG5K             fsa0m_a_generic_core_ss1p62v125c
wptr_full_57           enG5K             fsa0m_a_generic_core_ss1p62v125c
rptr_empty_57          enG5K             fsa0m_a_generic_core_ss1p62v125c
FIFO_MEM_47bit_28      enG10K            fsa0m_a_generic_core_ss1p62v125c
sync_r2w_57            enG5K             fsa0m_a_generic_core_ss1p62v125c
sync_w2r_57            enG5K             fsa0m_a_generic_core_ss1p62v125c
FIFO_MEM_1bit_28       enG5K             fsa0m_a_generic_core_ss1p62v125c
sync_r2w_56            enG5K             fsa0m_a_generic_core_ss1p62v125c
DFF_5_231              enG5K             fsa0m_a_generic_core_ss1p62v125c
Master_Read_0          enG5K             fsa0m_a_generic_core_ss1p62v125c
AR_wrapper_0           enG10K            fsa0m_a_generic_core_ss1p62v125c
AR_wrapper_1           enG10K            fsa0m_a_generic_core_ss1p62v125c
AR_wrapper_2           enG10K            fsa0m_a_generic_core_ss1p62v125c
AR_wrapper_3           enG10K            fsa0m_a_generic_core_ss1p62v125c
AR_wrapper_4           enG10K            fsa0m_a_generic_core_ss1p62v125c
R_wrapper_0            enG10K            fsa0m_a_generic_core_ss1p62v125c
R_wrapper_1            enG10K            fsa0m_a_generic_core_ss1p62v125c
R_wrapper_2            enG10K            fsa0m_a_generic_core_ss1p62v125c
R_wrapper_3            enG10K            fsa0m_a_generic_core_ss1p62v125c
R_wrapper_4            enG10K            fsa0m_a_generic_core_ss1p62v125c
R_wrapper_5            enG10K            fsa0m_a_generic_core_ss1p62v125c
AW_wrapper_0           enG10K            fsa0m_a_generic_core_ss1p62v125c
AW_wrapper_1           enG10K            fsa0m_a_generic_core_ss1p62v125c
AW_wrapper_2           enG10K            fsa0m_a_generic_core_ss1p62v125c
AW_wrapper_3           enG10K            fsa0m_a_generic_core_ss1p62v125c
W_wrapper_0            enG30K            fsa0m_a_generic_core_ss1p62v125c
W_wrapper_1            enG30K            fsa0m_a_generic_core_ss1p62v125c
W_wrapper_2            enG30K            fsa0m_a_generic_core_ss1p62v125c
W_wrapper_3            enG30K            fsa0m_a_generic_core_ss1p62v125c
B_wrapper_0            enG10K            fsa0m_a_generic_core_ss1p62v125c
B_wrapper_1            enG10K            fsa0m_a_generic_core_ss1p62v125c
B_wrapper_2            enG10K            fsa0m_a_generic_core_ss1p62v125c
B_wrapper_3            enG10K            fsa0m_a_generic_core_ss1p62v125c
Slave_Read_0           enG5K             fsa0m_a_generic_core_ss1p62v125c
Slave_Read_1           enG5K             fsa0m_a_generic_core_ss1p62v125c
Slave_Read_2           enG5K             fsa0m_a_generic_core_ss1p62v125c
Slave_Write_0          enG5K             fsa0m_a_generic_core_ss1p62v125c
Slave_Write_1          enG5K             fsa0m_a_generic_core_ss1p62v125c
Slave_Write_2          enG5K             fsa0m_a_generic_core_ss1p62v125c
Mux_0                  enG5K             fsa0m_a_generic_core_ss1p62v125c
Mux_1                  enG5K             fsa0m_a_generic_core_ss1p62v125c
Mux_2                  enG5K             fsa0m_a_generic_core_ss1p62v125c
Mux_4                  enG5K             fsa0m_a_generic_core_ss1p62v125c
Mux_5                  enG5K             fsa0m_a_generic_core_ss1p62v125c
Mux_6                  enG5K             fsa0m_a_generic_core_ss1p62v125c
Mux_3_0                enG5K             fsa0m_a_generic_core_ss1p62v125c
Mux_3_1                enG5K             fsa0m_a_generic_core_ss1p62v125c
data_array_wrapper_0   enG50K            fsa0m_a_generic_core_ss1p62v125c
tag_array_wrapper_0    enG10K            fsa0m_a_generic_core_ss1p62v125c
AFIFO_CDC_47bit_0      enG10K            fsa0m_a_generic_core_ss1p62v125c
AFIFO_CDC_47bit_1      enG10K            fsa0m_a_generic_core_ss1p62v125c
AFIFO_CDC_47bit_2      enG10K            fsa0m_a_generic_core_ss1p62v125c
AFIFO_CDC_47bit_3      enG10K            fsa0m_a_generic_core_ss1p62v125c
AFIFO_CDC_47bit_4      enG10K            fsa0m_a_generic_core_ss1p62v125c
AFIFO_CDC_47bit_5      enG10K            fsa0m_a_generic_core_ss1p62v125c
AFIFO_CDC_47bit_6      enG10K            fsa0m_a_generic_core_ss1p62v125c
AFIFO_CDC_47bit_7      enG10K            fsa0m_a_generic_core_ss1p62v125c
AFIFO_CDC_47bit_8      enG10K            fsa0m_a_generic_core_ss1p62v125c
AFIFO_CDC_47bit_9      enG10K            fsa0m_a_generic_core_ss1p62v125c
AFIFO_CDC_47bit_10     enG10K            fsa0m_a_generic_core_ss1p62v125c
AFIFO_CDC_47bit_11     enG10K            fsa0m_a_generic_core_ss1p62v125c
AFIFO_CDC_47bit_12     enG10K            fsa0m_a_generic_core_ss1p62v125c
AFIFO_CDC_47bit_13     enG10K            fsa0m_a_generic_core_ss1p62v125c
AFIFO_CDC_47bit_14     enG10K            fsa0m_a_generic_core_ss1p62v125c
AFIFO_CDC_47bit_15     enG10K            fsa0m_a_generic_core_ss1p62v125c
AFIFO_CDC_47bit_16     enG10K            fsa0m_a_generic_core_ss1p62v125c
AFIFO_CDC_47bit_17     enG10K            fsa0m_a_generic_core_ss1p62v125c
AFIFO_CDC_47bit_18     enG10K            fsa0m_a_generic_core_ss1p62v125c
AFIFO_CDC_47bit_19     enG10K            fsa0m_a_generic_core_ss1p62v125c
AFIFO_CDC_47bit_20     enG10K            fsa0m_a_generic_core_ss1p62v125c
AFIFO_CDC_47bit_21     enG10K            fsa0m_a_generic_core_ss1p62v125c
AFIFO_CDC_47bit_22     enG10K            fsa0m_a_generic_core_ss1p62v125c
AFIFO_CDC_47bit_23     enG10K            fsa0m_a_generic_core_ss1p62v125c
AFIFO_CDC_47bit_24     enG10K            fsa0m_a_generic_core_ss1p62v125c
AFIFO_CDC_47bit_25     enG10K            fsa0m_a_generic_core_ss1p62v125c
AFIFO_CDC_47bit_26     enG10K            fsa0m_a_generic_core_ss1p62v125c
AFIFO_CDC_1bit_0       enG5K             fsa0m_a_generic_core_ss1p62v125c
AFIFO_CDC_1bit_1       enG5K             fsa0m_a_generic_core_ss1p62v125c
AFIFO_CDC_1bit_2       enG5K             fsa0m_a_generic_core_ss1p62v125c
AFIFO_CDC_1bit_3       enG5K             fsa0m_a_generic_core_ss1p62v125c
AFIFO_CDC_1bit_4       enG5K             fsa0m_a_generic_core_ss1p62v125c
AFIFO_CDC_1bit_5       enG5K             fsa0m_a_generic_core_ss1p62v125c
AFIFO_CDC_1bit_6       enG5K             fsa0m_a_generic_core_ss1p62v125c
AFIFO_CDC_1bit_7       enG5K             fsa0m_a_generic_core_ss1p62v125c
AFIFO_CDC_1bit_8       enG5K             fsa0m_a_generic_core_ss1p62v125c
AFIFO_CDC_1bit_9       enG5K             fsa0m_a_generic_core_ss1p62v125c
AFIFO_CDC_1bit_10      enG5K             fsa0m_a_generic_core_ss1p62v125c
AFIFO_CDC_1bit_11      enG5K             fsa0m_a_generic_core_ss1p62v125c
AFIFO_CDC_1bit_12      enG5K             fsa0m_a_generic_core_ss1p62v125c
AFIFO_CDC_1bit_13      enG5K             fsa0m_a_generic_core_ss1p62v125c
AFIFO_CDC_1bit_14      enG5K             fsa0m_a_generic_core_ss1p62v125c
AFIFO_CDC_1bit_15      enG5K             fsa0m_a_generic_core_ss1p62v125c
AFIFO_CDC_1bit_16      enG5K             fsa0m_a_generic_core_ss1p62v125c
AFIFO_CDC_1bit_17      enG5K             fsa0m_a_generic_core_ss1p62v125c
AFIFO_CDC_1bit_18      enG5K             fsa0m_a_generic_core_ss1p62v125c
AFIFO_CDC_1bit_19      enG5K             fsa0m_a_generic_core_ss1p62v125c
AFIFO_CDC_1bit_20      enG5K             fsa0m_a_generic_core_ss1p62v125c
AFIFO_CDC_1bit_21      enG5K             fsa0m_a_generic_core_ss1p62v125c
AFIFO_CDC_1bit_22      enG5K             fsa0m_a_generic_core_ss1p62v125c
AFIFO_CDC_1bit_23      enG5K             fsa0m_a_generic_core_ss1p62v125c
AFIFO_CDC_1bit_24      enG5K             fsa0m_a_generic_core_ss1p62v125c
AFIFO_CDC_1bit_25      enG5K             fsa0m_a_generic_core_ss1p62v125c
AFIFO_CDC_1bit_26      enG5K             fsa0m_a_generic_core_ss1p62v125c
DFF_1_0                enG5K             fsa0m_a_generic_core_ss1p62v125c
DFF_1_1                enG5K             fsa0m_a_generic_core_ss1p62v125c
DFF_1_2                enG5K             fsa0m_a_generic_core_ss1p62v125c
DFF_1_3                enG5K             fsa0m_a_generic_core_ss1p62v125c
DFF_1_4                enG5K             fsa0m_a_generic_core_ss1p62v125c
DFF_1_5                enG5K             fsa0m_a_generic_core_ss1p62v125c
DFF_1_6                enG5K             fsa0m_a_generic_core_ss1p62v125c
DFF_1_7                enG5K             fsa0m_a_generic_core_ss1p62v125c
DFF_1_8                enG5K             fsa0m_a_generic_core_ss1p62v125c
DFF_1_9                enG5K             fsa0m_a_generic_core_ss1p62v125c
DFF_1_10               enG5K             fsa0m_a_generic_core_ss1p62v125c
DFF_1_11               enG5K             fsa0m_a_generic_core_ss1p62v125c
DFF_0                  enG5K             fsa0m_a_generic_core_ss1p62v125c
wptr_full_0            enG5K             fsa0m_a_generic_core_ss1p62v125c
wptr_full_1            enG5K             fsa0m_a_generic_core_ss1p62v125c
wptr_full_2            enG5K             fsa0m_a_generic_core_ss1p62v125c
wptr_full_3            enG5K             fsa0m_a_generic_core_ss1p62v125c
wptr_full_4            enG5K             fsa0m_a_generic_core_ss1p62v125c
wptr_full_5            enG5K             fsa0m_a_generic_core_ss1p62v125c
wptr_full_6            enG5K             fsa0m_a_generic_core_ss1p62v125c
wptr_full_7            enG5K             fsa0m_a_generic_core_ss1p62v125c
wptr_full_8            enG5K             fsa0m_a_generic_core_ss1p62v125c
wptr_full_9            enG5K             fsa0m_a_generic_core_ss1p62v125c
wptr_full_10           enG5K             fsa0m_a_generic_core_ss1p62v125c
wptr_full_11           enG5K             fsa0m_a_generic_core_ss1p62v125c
wptr_full_12           enG5K             fsa0m_a_generic_core_ss1p62v125c
wptr_full_13           enG5K             fsa0m_a_generic_core_ss1p62v125c
wptr_full_14           enG5K             fsa0m_a_generic_core_ss1p62v125c
wptr_full_15           enG5K             fsa0m_a_generic_core_ss1p62v125c
wptr_full_16           enG5K             fsa0m_a_generic_core_ss1p62v125c
wptr_full_17           enG5K             fsa0m_a_generic_core_ss1p62v125c
wptr_full_18           enG5K             fsa0m_a_generic_core_ss1p62v125c
wptr_full_19           enG5K             fsa0m_a_generic_core_ss1p62v125c
wptr_full_20           enG5K             fsa0m_a_generic_core_ss1p62v125c
wptr_full_21           enG5K             fsa0m_a_generic_core_ss1p62v125c
wptr_full_22           enG5K             fsa0m_a_generic_core_ss1p62v125c
wptr_full_23           enG5K             fsa0m_a_generic_core_ss1p62v125c
wptr_full_24           enG5K             fsa0m_a_generic_core_ss1p62v125c
wptr_full_25           enG5K             fsa0m_a_generic_core_ss1p62v125c
wptr_full_26           enG5K             fsa0m_a_generic_core_ss1p62v125c
wptr_full_27           enG5K             fsa0m_a_generic_core_ss1p62v125c
wptr_full_28           enG5K             fsa0m_a_generic_core_ss1p62v125c
wptr_full_29           enG5K             fsa0m_a_generic_core_ss1p62v125c
wptr_full_30           enG5K             fsa0m_a_generic_core_ss1p62v125c
wptr_full_31           enG5K             fsa0m_a_generic_core_ss1p62v125c
wptr_full_32           enG5K             fsa0m_a_generic_core_ss1p62v125c
wptr_full_33           enG5K             fsa0m_a_generic_core_ss1p62v125c
wptr_full_34           enG5K             fsa0m_a_generic_core_ss1p62v125c
wptr_full_35           enG5K             fsa0m_a_generic_core_ss1p62v125c
wptr_full_36           enG5K             fsa0m_a_generic_core_ss1p62v125c
wptr_full_37           enG5K             fsa0m_a_generic_core_ss1p62v125c
wptr_full_38           enG5K             fsa0m_a_generic_core_ss1p62v125c
wptr_full_39           enG5K             fsa0m_a_generic_core_ss1p62v125c
wptr_full_40           enG5K             fsa0m_a_generic_core_ss1p62v125c
wptr_full_41           enG5K             fsa0m_a_generic_core_ss1p62v125c
wptr_full_42           enG5K             fsa0m_a_generic_core_ss1p62v125c
wptr_full_43           enG5K             fsa0m_a_generic_core_ss1p62v125c
wptr_full_44           enG5K             fsa0m_a_generic_core_ss1p62v125c
wptr_full_45           enG5K             fsa0m_a_generic_core_ss1p62v125c
wptr_full_46           enG5K             fsa0m_a_generic_core_ss1p62v125c
wptr_full_47           enG5K             fsa0m_a_generic_core_ss1p62v125c
wptr_full_48           enG5K             fsa0m_a_generic_core_ss1p62v125c
wptr_full_49           enG5K             fsa0m_a_generic_core_ss1p62v125c
wptr_full_50           enG5K             fsa0m_a_generic_core_ss1p62v125c
wptr_full_51           enG5K             fsa0m_a_generic_core_ss1p62v125c
wptr_full_52           enG5K             fsa0m_a_generic_core_ss1p62v125c
wptr_full_53           enG5K             fsa0m_a_generic_core_ss1p62v125c
wptr_full_54           enG5K             fsa0m_a_generic_core_ss1p62v125c
wptr_full_55           enG5K             fsa0m_a_generic_core_ss1p62v125c
wptr_full_56           enG5K             fsa0m_a_generic_core_ss1p62v125c
rptr_empty_0           enG5K             fsa0m_a_generic_core_ss1p62v125c
rptr_empty_1           enG5K             fsa0m_a_generic_core_ss1p62v125c
rptr_empty_2           enG5K             fsa0m_a_generic_core_ss1p62v125c
rptr_empty_3           enG5K             fsa0m_a_generic_core_ss1p62v125c
rptr_empty_4           enG5K             fsa0m_a_generic_core_ss1p62v125c
rptr_empty_5           enG5K             fsa0m_a_generic_core_ss1p62v125c
rptr_empty_6           enG5K             fsa0m_a_generic_core_ss1p62v125c
rptr_empty_7           enG5K             fsa0m_a_generic_core_ss1p62v125c
rptr_empty_8           enG5K             fsa0m_a_generic_core_ss1p62v125c
rptr_empty_9           enG5K             fsa0m_a_generic_core_ss1p62v125c
rptr_empty_10          enG5K             fsa0m_a_generic_core_ss1p62v125c
rptr_empty_11          enG5K             fsa0m_a_generic_core_ss1p62v125c
rptr_empty_12          enG5K             fsa0m_a_generic_core_ss1p62v125c
rptr_empty_13          enG5K             fsa0m_a_generic_core_ss1p62v125c
rptr_empty_14          enG5K             fsa0m_a_generic_core_ss1p62v125c
rptr_empty_15          enG5K             fsa0m_a_generic_core_ss1p62v125c
rptr_empty_16          enG5K             fsa0m_a_generic_core_ss1p62v125c
rptr_empty_17          enG5K             fsa0m_a_generic_core_ss1p62v125c
rptr_empty_18          enG5K             fsa0m_a_generic_core_ss1p62v125c
rptr_empty_19          enG5K             fsa0m_a_generic_core_ss1p62v125c
rptr_empty_20          enG5K             fsa0m_a_generic_core_ss1p62v125c
rptr_empty_21          enG5K             fsa0m_a_generic_core_ss1p62v125c
rptr_empty_22          enG5K             fsa0m_a_generic_core_ss1p62v125c
rptr_empty_23          enG5K             fsa0m_a_generic_core_ss1p62v125c
rptr_empty_24          enG5K             fsa0m_a_generic_core_ss1p62v125c
rptr_empty_25          enG5K             fsa0m_a_generic_core_ss1p62v125c
rptr_empty_26          enG5K             fsa0m_a_generic_core_ss1p62v125c
rptr_empty_27          enG5K             fsa0m_a_generic_core_ss1p62v125c
rptr_empty_28          enG5K             fsa0m_a_generic_core_ss1p62v125c
rptr_empty_29          enG5K             fsa0m_a_generic_core_ss1p62v125c
rptr_empty_30          enG5K             fsa0m_a_generic_core_ss1p62v125c
rptr_empty_31          enG5K             fsa0m_a_generic_core_ss1p62v125c
rptr_empty_32          enG5K             fsa0m_a_generic_core_ss1p62v125c
rptr_empty_33          enG5K             fsa0m_a_generic_core_ss1p62v125c
rptr_empty_34          enG5K             fsa0m_a_generic_core_ss1p62v125c
rptr_empty_35          enG5K             fsa0m_a_generic_core_ss1p62v125c
rptr_empty_36          enG5K             fsa0m_a_generic_core_ss1p62v125c
rptr_empty_37          enG5K             fsa0m_a_generic_core_ss1p62v125c
rptr_empty_38          enG5K             fsa0m_a_generic_core_ss1p62v125c
rptr_empty_39          enG5K             fsa0m_a_generic_core_ss1p62v125c
rptr_empty_40          enG5K             fsa0m_a_generic_core_ss1p62v125c
rptr_empty_41          enG5K             fsa0m_a_generic_core_ss1p62v125c
rptr_empty_42          enG5K             fsa0m_a_generic_core_ss1p62v125c
rptr_empty_43          enG5K             fsa0m_a_generic_core_ss1p62v125c
rptr_empty_44          enG5K             fsa0m_a_generic_core_ss1p62v125c
rptr_empty_45          enG5K             fsa0m_a_generic_core_ss1p62v125c
rptr_empty_46          enG5K             fsa0m_a_generic_core_ss1p62v125c
rptr_empty_47          enG5K             fsa0m_a_generic_core_ss1p62v125c
rptr_empty_48          enG5K             fsa0m_a_generic_core_ss1p62v125c
rptr_empty_49          enG5K             fsa0m_a_generic_core_ss1p62v125c
rptr_empty_50          enG5K             fsa0m_a_generic_core_ss1p62v125c
rptr_empty_51          enG5K             fsa0m_a_generic_core_ss1p62v125c
rptr_empty_52          enG5K             fsa0m_a_generic_core_ss1p62v125c
rptr_empty_53          enG5K             fsa0m_a_generic_core_ss1p62v125c
rptr_empty_54          enG5K             fsa0m_a_generic_core_ss1p62v125c
rptr_empty_55          enG5K             fsa0m_a_generic_core_ss1p62v125c
rptr_empty_56          enG5K             fsa0m_a_generic_core_ss1p62v125c
FIFO_MEM_47bit_0       enG10K            fsa0m_a_generic_core_ss1p62v125c
FIFO_MEM_47bit_1       enG10K            fsa0m_a_generic_core_ss1p62v125c
FIFO_MEM_47bit_2       enG10K            fsa0m_a_generic_core_ss1p62v125c
FIFO_MEM_47bit_3       enG10K            fsa0m_a_generic_core_ss1p62v125c
FIFO_MEM_47bit_4       enG10K            fsa0m_a_generic_core_ss1p62v125c
FIFO_MEM_47bit_5       enG10K            fsa0m_a_generic_core_ss1p62v125c
FIFO_MEM_47bit_6       enG10K            fsa0m_a_generic_core_ss1p62v125c
FIFO_MEM_47bit_7       enG10K            fsa0m_a_generic_core_ss1p62v125c
FIFO_MEM_47bit_8       enG10K            fsa0m_a_generic_core_ss1p62v125c
FIFO_MEM_47bit_9       enG10K            fsa0m_a_generic_core_ss1p62v125c
FIFO_MEM_47bit_10      enG10K            fsa0m_a_generic_core_ss1p62v125c
FIFO_MEM_47bit_11      enG10K            fsa0m_a_generic_core_ss1p62v125c
FIFO_MEM_47bit_12      enG10K            fsa0m_a_generic_core_ss1p62v125c
FIFO_MEM_47bit_13      enG10K            fsa0m_a_generic_core_ss1p62v125c
FIFO_MEM_47bit_14      enG10K            fsa0m_a_generic_core_ss1p62v125c
FIFO_MEM_47bit_15      enG10K            fsa0m_a_generic_core_ss1p62v125c
FIFO_MEM_47bit_16      enG10K            fsa0m_a_generic_core_ss1p62v125c
FIFO_MEM_47bit_17      enG10K            fsa0m_a_generic_core_ss1p62v125c
FIFO_MEM_47bit_18      enG10K            fsa0m_a_generic_core_ss1p62v125c
FIFO_MEM_47bit_19      enG10K            fsa0m_a_generic_core_ss1p62v125c
FIFO_MEM_47bit_20      enG10K            fsa0m_a_generic_core_ss1p62v125c
FIFO_MEM_47bit_21      enG10K            fsa0m_a_generic_core_ss1p62v125c
FIFO_MEM_47bit_22      enG10K            fsa0m_a_generic_core_ss1p62v125c
FIFO_MEM_47bit_23      enG10K            fsa0m_a_generic_core_ss1p62v125c
FIFO_MEM_47bit_24      enG10K            fsa0m_a_generic_core_ss1p62v125c
FIFO_MEM_47bit_25      enG10K            fsa0m_a_generic_core_ss1p62v125c
FIFO_MEM_47bit_26      enG10K            fsa0m_a_generic_core_ss1p62v125c
FIFO_MEM_47bit_27      enG10K            fsa0m_a_generic_core_ss1p62v125c
sync_r2w_0             enG5K             fsa0m_a_generic_core_ss1p62v125c
sync_r2w_1             enG5K             fsa0m_a_generic_core_ss1p62v125c
sync_r2w_2             enG5K             fsa0m_a_generic_core_ss1p62v125c
sync_r2w_3             enG5K             fsa0m_a_generic_core_ss1p62v125c
sync_r2w_4             enG5K             fsa0m_a_generic_core_ss1p62v125c
sync_r2w_5             enG5K             fsa0m_a_generic_core_ss1p62v125c
sync_r2w_6             enG5K             fsa0m_a_generic_core_ss1p62v125c
sync_r2w_7             enG5K             fsa0m_a_generic_core_ss1p62v125c
sync_r2w_8             enG5K             fsa0m_a_generic_core_ss1p62v125c
sync_r2w_9             enG5K             fsa0m_a_generic_core_ss1p62v125c
sync_r2w_10            enG5K             fsa0m_a_generic_core_ss1p62v125c
sync_r2w_11            enG5K             fsa0m_a_generic_core_ss1p62v125c
sync_r2w_12            enG5K             fsa0m_a_generic_core_ss1p62v125c
sync_r2w_13            enG5K             fsa0m_a_generic_core_ss1p62v125c
sync_r2w_14            enG5K             fsa0m_a_generic_core_ss1p62v125c
sync_r2w_15            enG5K             fsa0m_a_generic_core_ss1p62v125c
sync_r2w_16            enG5K             fsa0m_a_generic_core_ss1p62v125c
sync_r2w_17            enG5K             fsa0m_a_generic_core_ss1p62v125c
sync_r2w_18            enG5K             fsa0m_a_generic_core_ss1p62v125c
sync_r2w_19            enG5K             fsa0m_a_generic_core_ss1p62v125c
sync_r2w_20            enG5K             fsa0m_a_generic_core_ss1p62v125c
sync_r2w_21            enG5K             fsa0m_a_generic_core_ss1p62v125c
sync_r2w_22            enG5K             fsa0m_a_generic_core_ss1p62v125c
sync_r2w_23            enG5K             fsa0m_a_generic_core_ss1p62v125c
sync_r2w_24            enG5K             fsa0m_a_generic_core_ss1p62v125c
sync_r2w_25            enG5K             fsa0m_a_generic_core_ss1p62v125c
sync_r2w_26            enG5K             fsa0m_a_generic_core_ss1p62v125c
sync_r2w_27            enG5K             fsa0m_a_generic_core_ss1p62v125c
sync_r2w_28            enG5K             fsa0m_a_generic_core_ss1p62v125c
sync_r2w_29            enG5K             fsa0m_a_generic_core_ss1p62v125c
sync_r2w_30            enG5K             fsa0m_a_generic_core_ss1p62v125c
sync_r2w_31            enG5K             fsa0m_a_generic_core_ss1p62v125c
sync_r2w_32            enG5K             fsa0m_a_generic_core_ss1p62v125c
sync_r2w_33            enG5K             fsa0m_a_generic_core_ss1p62v125c
sync_r2w_34            enG5K             fsa0m_a_generic_core_ss1p62v125c
sync_r2w_35            enG5K             fsa0m_a_generic_core_ss1p62v125c
sync_r2w_36            enG5K             fsa0m_a_generic_core_ss1p62v125c
sync_r2w_37            enG5K             fsa0m_a_generic_core_ss1p62v125c
sync_r2w_38            enG5K             fsa0m_a_generic_core_ss1p62v125c
sync_r2w_39            enG5K             fsa0m_a_generic_core_ss1p62v125c
sync_r2w_40            enG5K             fsa0m_a_generic_core_ss1p62v125c
sync_r2w_41            enG5K             fsa0m_a_generic_core_ss1p62v125c
sync_r2w_42            enG5K             fsa0m_a_generic_core_ss1p62v125c
sync_r2w_43            enG5K             fsa0m_a_generic_core_ss1p62v125c
sync_r2w_44            enG5K             fsa0m_a_generic_core_ss1p62v125c
sync_r2w_45            enG5K             fsa0m_a_generic_core_ss1p62v125c
sync_r2w_46            enG5K             fsa0m_a_generic_core_ss1p62v125c
sync_r2w_47            enG5K             fsa0m_a_generic_core_ss1p62v125c
sync_r2w_48            enG5K             fsa0m_a_generic_core_ss1p62v125c
sync_r2w_49            enG5K             fsa0m_a_generic_core_ss1p62v125c
sync_r2w_50            enG5K             fsa0m_a_generic_core_ss1p62v125c
sync_r2w_51            enG5K             fsa0m_a_generic_core_ss1p62v125c
sync_r2w_52            enG5K             fsa0m_a_generic_core_ss1p62v125c
sync_r2w_53            enG5K             fsa0m_a_generic_core_ss1p62v125c
sync_r2w_54            enG5K             fsa0m_a_generic_core_ss1p62v125c
sync_r2w_55            enG5K             fsa0m_a_generic_core_ss1p62v125c
sync_w2r_0             enG5K             fsa0m_a_generic_core_ss1p62v125c
sync_w2r_1             enG5K             fsa0m_a_generic_core_ss1p62v125c
sync_w2r_2             enG5K             fsa0m_a_generic_core_ss1p62v125c
sync_w2r_3             enG5K             fsa0m_a_generic_core_ss1p62v125c
sync_w2r_4             enG5K             fsa0m_a_generic_core_ss1p62v125c
sync_w2r_5             enG5K             fsa0m_a_generic_core_ss1p62v125c
sync_w2r_6             enG5K             fsa0m_a_generic_core_ss1p62v125c
sync_w2r_7             enG5K             fsa0m_a_generic_core_ss1p62v125c
sync_w2r_8             enG5K             fsa0m_a_generic_core_ss1p62v125c
sync_w2r_9             enG5K             fsa0m_a_generic_core_ss1p62v125c
sync_w2r_10            enG5K             fsa0m_a_generic_core_ss1p62v125c
sync_w2r_11            enG5K             fsa0m_a_generic_core_ss1p62v125c
sync_w2r_12            enG5K             fsa0m_a_generic_core_ss1p62v125c
sync_w2r_13            enG5K             fsa0m_a_generic_core_ss1p62v125c
sync_w2r_14            enG5K             fsa0m_a_generic_core_ss1p62v125c
sync_w2r_15            enG5K             fsa0m_a_generic_core_ss1p62v125c
sync_w2r_16            enG5K             fsa0m_a_generic_core_ss1p62v125c
sync_w2r_17            enG5K             fsa0m_a_generic_core_ss1p62v125c
sync_w2r_18            enG5K             fsa0m_a_generic_core_ss1p62v125c
sync_w2r_19            enG5K             fsa0m_a_generic_core_ss1p62v125c
sync_w2r_20            enG5K             fsa0m_a_generic_core_ss1p62v125c
sync_w2r_21            enG5K             fsa0m_a_generic_core_ss1p62v125c
sync_w2r_22            enG5K             fsa0m_a_generic_core_ss1p62v125c
sync_w2r_23            enG5K             fsa0m_a_generic_core_ss1p62v125c
sync_w2r_24            enG5K             fsa0m_a_generic_core_ss1p62v125c
sync_w2r_25            enG5K             fsa0m_a_generic_core_ss1p62v125c
sync_w2r_26            enG5K             fsa0m_a_generic_core_ss1p62v125c
sync_w2r_27            enG5K             fsa0m_a_generic_core_ss1p62v125c
sync_w2r_28            enG5K             fsa0m_a_generic_core_ss1p62v125c
sync_w2r_29            enG5K             fsa0m_a_generic_core_ss1p62v125c
sync_w2r_30            enG5K             fsa0m_a_generic_core_ss1p62v125c
sync_w2r_31            enG5K             fsa0m_a_generic_core_ss1p62v125c
sync_w2r_32            enG5K             fsa0m_a_generic_core_ss1p62v125c
sync_w2r_33            enG5K             fsa0m_a_generic_core_ss1p62v125c
sync_w2r_34            enG5K             fsa0m_a_generic_core_ss1p62v125c
sync_w2r_35            enG5K             fsa0m_a_generic_core_ss1p62v125c
sync_w2r_36            enG5K             fsa0m_a_generic_core_ss1p62v125c
sync_w2r_37            enG5K             fsa0m_a_generic_core_ss1p62v125c
sync_w2r_38            enG5K             fsa0m_a_generic_core_ss1p62v125c
sync_w2r_39            enG5K             fsa0m_a_generic_core_ss1p62v125c
sync_w2r_40            enG5K             fsa0m_a_generic_core_ss1p62v125c
sync_w2r_41            enG5K             fsa0m_a_generic_core_ss1p62v125c
sync_w2r_42            enG5K             fsa0m_a_generic_core_ss1p62v125c
sync_w2r_43            enG5K             fsa0m_a_generic_core_ss1p62v125c
sync_w2r_44            enG5K             fsa0m_a_generic_core_ss1p62v125c
sync_w2r_45            enG5K             fsa0m_a_generic_core_ss1p62v125c
sync_w2r_46            enG5K             fsa0m_a_generic_core_ss1p62v125c
sync_w2r_47            enG5K             fsa0m_a_generic_core_ss1p62v125c
sync_w2r_48            enG5K             fsa0m_a_generic_core_ss1p62v125c
sync_w2r_49            enG5K             fsa0m_a_generic_core_ss1p62v125c
sync_w2r_50            enG5K             fsa0m_a_generic_core_ss1p62v125c
sync_w2r_51            enG5K             fsa0m_a_generic_core_ss1p62v125c
sync_w2r_52            enG5K             fsa0m_a_generic_core_ss1p62v125c
sync_w2r_53            enG5K             fsa0m_a_generic_core_ss1p62v125c
sync_w2r_54            enG5K             fsa0m_a_generic_core_ss1p62v125c
sync_w2r_55            enG5K             fsa0m_a_generic_core_ss1p62v125c
sync_w2r_56            enG5K             fsa0m_a_generic_core_ss1p62v125c
FIFO_MEM_1bit_0        enG5K             fsa0m_a_generic_core_ss1p62v125c
FIFO_MEM_1bit_1        enG5K             fsa0m_a_generic_core_ss1p62v125c
FIFO_MEM_1bit_2        enG5K             fsa0m_a_generic_core_ss1p62v125c
FIFO_MEM_1bit_3        enG5K             fsa0m_a_generic_core_ss1p62v125c
FIFO_MEM_1bit_4        enG5K             fsa0m_a_generic_core_ss1p62v125c
FIFO_MEM_1bit_5        enG5K             fsa0m_a_generic_core_ss1p62v125c
FIFO_MEM_1bit_6        enG5K             fsa0m_a_generic_core_ss1p62v125c
FIFO_MEM_1bit_7        enG5K             fsa0m_a_generic_core_ss1p62v125c
FIFO_MEM_1bit_8        enG5K             fsa0m_a_generic_core_ss1p62v125c
FIFO_MEM_1bit_9        enG5K             fsa0m_a_generic_core_ss1p62v125c
FIFO_MEM_1bit_10       enG5K             fsa0m_a_generic_core_ss1p62v125c
FIFO_MEM_1bit_11       enG5K             fsa0m_a_generic_core_ss1p62v125c
FIFO_MEM_1bit_12       enG5K             fsa0m_a_generic_core_ss1p62v125c
FIFO_MEM_1bit_13       enG5K             fsa0m_a_generic_core_ss1p62v125c
FIFO_MEM_1bit_14       enG5K             fsa0m_a_generic_core_ss1p62v125c
FIFO_MEM_1bit_15       enG5K             fsa0m_a_generic_core_ss1p62v125c
FIFO_MEM_1bit_16       enG5K             fsa0m_a_generic_core_ss1p62v125c
FIFO_MEM_1bit_17       enG5K             fsa0m_a_generic_core_ss1p62v125c
FIFO_MEM_1bit_18       enG5K             fsa0m_a_generic_core_ss1p62v125c
FIFO_MEM_1bit_19       enG5K             fsa0m_a_generic_core_ss1p62v125c
FIFO_MEM_1bit_20       enG5K             fsa0m_a_generic_core_ss1p62v125c
FIFO_MEM_1bit_21       enG5K             fsa0m_a_generic_core_ss1p62v125c
FIFO_MEM_1bit_22       enG5K             fsa0m_a_generic_core_ss1p62v125c
FIFO_MEM_1bit_23       enG5K             fsa0m_a_generic_core_ss1p62v125c
FIFO_MEM_1bit_24       enG5K             fsa0m_a_generic_core_ss1p62v125c
FIFO_MEM_1bit_25       enG5K             fsa0m_a_generic_core_ss1p62v125c
FIFO_MEM_1bit_26       enG5K             fsa0m_a_generic_core_ss1p62v125c
FIFO_MEM_1bit_27       enG5K             fsa0m_a_generic_core_ss1p62v125c
DFF_5_0                enG5K             fsa0m_a_generic_core_ss1p62v125c
DFF_5_1                enG5K             fsa0m_a_generic_core_ss1p62v125c
DFF_5_2                enG5K             fsa0m_a_generic_core_ss1p62v125c
DFF_5_3                enG5K             fsa0m_a_generic_core_ss1p62v125c
DFF_5_4                enG5K             fsa0m_a_generic_core_ss1p62v125c
DFF_5_5                enG5K             fsa0m_a_generic_core_ss1p62v125c
DFF_5_6                enG5K             fsa0m_a_generic_core_ss1p62v125c
DFF_5_7                enG5K             fsa0m_a_generic_core_ss1p62v125c
DFF_5_8                enG5K             fsa0m_a_generic_core_ss1p62v125c
DFF_5_9                enG5K             fsa0m_a_generic_core_ss1p62v125c
DFF_5_10               enG5K             fsa0m_a_generic_core_ss1p62v125c
DFF_5_11               enG5K             fsa0m_a_generic_core_ss1p62v125c
DFF_5_12               enG5K             fsa0m_a_generic_core_ss1p62v125c
DFF_5_13               enG5K             fsa0m_a_generic_core_ss1p62v125c
DFF_5_14               enG5K             fsa0m_a_generic_core_ss1p62v125c
DFF_5_15               enG5K             fsa0m_a_generic_core_ss1p62v125c
DFF_5_16               enG5K             fsa0m_a_generic_core_ss1p62v125c
DFF_5_17               enG5K             fsa0m_a_generic_core_ss1p62v125c
DFF_5_18               enG5K             fsa0m_a_generic_core_ss1p62v125c
DFF_5_19               enG5K             fsa0m_a_generic_core_ss1p62v125c
DFF_5_20               enG5K             fsa0m_a_generic_core_ss1p62v125c
DFF_5_21               enG5K             fsa0m_a_generic_core_ss1p62v125c
DFF_5_22               enG5K             fsa0m_a_generic_core_ss1p62v125c
DFF_5_23               enG5K             fsa0m_a_generic_core_ss1p62v125c
DFF_5_24               enG5K             fsa0m_a_generic_core_ss1p62v125c
DFF_5_25               enG5K             fsa0m_a_generic_core_ss1p62v125c
DFF_5_26               enG5K             fsa0m_a_generic_core_ss1p62v125c
DFF_5_27               enG5K             fsa0m_a_generic_core_ss1p62v125c
DFF_5_28               enG5K             fsa0m_a_generic_core_ss1p62v125c
DFF_5_29               enG5K             fsa0m_a_generic_core_ss1p62v125c
DFF_5_30               enG5K             fsa0m_a_generic_core_ss1p62v125c
DFF_5_31               enG5K             fsa0m_a_generic_core_ss1p62v125c
DFF_5_32               enG5K             fsa0m_a_generic_core_ss1p62v125c
DFF_5_33               enG5K             fsa0m_a_generic_core_ss1p62v125c
DFF_5_34               enG5K             fsa0m_a_generic_core_ss1p62v125c
DFF_5_35               enG5K             fsa0m_a_generic_core_ss1p62v125c
DFF_5_36               enG5K             fsa0m_a_generic_core_ss1p62v125c
DFF_5_37               enG5K             fsa0m_a_generic_core_ss1p62v125c
DFF_5_38               enG5K             fsa0m_a_generic_core_ss1p62v125c
DFF_5_39               enG5K             fsa0m_a_generic_core_ss1p62v125c
DFF_5_40               enG5K             fsa0m_a_generic_core_ss1p62v125c
DFF_5_41               enG5K             fsa0m_a_generic_core_ss1p62v125c
DFF_5_42               enG5K             fsa0m_a_generic_core_ss1p62v125c
DFF_5_43               enG5K             fsa0m_a_generic_core_ss1p62v125c
DFF_5_44               enG5K             fsa0m_a_generic_core_ss1p62v125c
DFF_5_45               enG5K             fsa0m_a_generic_core_ss1p62v125c
DFF_5_46               enG5K             fsa0m_a_generic_core_ss1p62v125c
DFF_5_47               enG5K             fsa0m_a_generic_core_ss1p62v125c
DFF_5_48               enG5K             fsa0m_a_generic_core_ss1p62v125c
DFF_5_49               enG5K             fsa0m_a_generic_core_ss1p62v125c
DFF_5_50               enG5K             fsa0m_a_generic_core_ss1p62v125c
DFF_5_51               enG5K             fsa0m_a_generic_core_ss1p62v125c
DFF_5_52               enG5K             fsa0m_a_generic_core_ss1p62v125c
DFF_5_53               enG5K             fsa0m_a_generic_core_ss1p62v125c
DFF_5_54               enG5K             fsa0m_a_generic_core_ss1p62v125c
DFF_5_55               enG5K             fsa0m_a_generic_core_ss1p62v125c
DFF_5_56               enG5K             fsa0m_a_generic_core_ss1p62v125c
DFF_5_57               enG5K             fsa0m_a_generic_core_ss1p62v125c
DFF_5_58               enG5K             fsa0m_a_generic_core_ss1p62v125c
DFF_5_59               enG5K             fsa0m_a_generic_core_ss1p62v125c
DFF_5_60               enG5K             fsa0m_a_generic_core_ss1p62v125c
DFF_5_61               enG5K             fsa0m_a_generic_core_ss1p62v125c
DFF_5_62               enG5K             fsa0m_a_generic_core_ss1p62v125c
DFF_5_63               enG5K             fsa0m_a_generic_core_ss1p62v125c
DFF_5_64               enG5K             fsa0m_a_generic_core_ss1p62v125c
DFF_5_65               enG5K             fsa0m_a_generic_core_ss1p62v125c
DFF_5_66               enG5K             fsa0m_a_generic_core_ss1p62v125c
DFF_5_67               enG5K             fsa0m_a_generic_core_ss1p62v125c
DFF_5_68               enG5K             fsa0m_a_generic_core_ss1p62v125c
DFF_5_69               enG5K             fsa0m_a_generic_core_ss1p62v125c
DFF_5_70               enG5K             fsa0m_a_generic_core_ss1p62v125c
DFF_5_71               enG5K             fsa0m_a_generic_core_ss1p62v125c
DFF_5_72               enG5K             fsa0m_a_generic_core_ss1p62v125c
DFF_5_73               enG5K             fsa0m_a_generic_core_ss1p62v125c
DFF_5_74               enG5K             fsa0m_a_generic_core_ss1p62v125c
DFF_5_75               enG5K             fsa0m_a_generic_core_ss1p62v125c
DFF_5_76               enG5K             fsa0m_a_generic_core_ss1p62v125c
DFF_5_77               enG5K             fsa0m_a_generic_core_ss1p62v125c
DFF_5_78               enG5K             fsa0m_a_generic_core_ss1p62v125c
DFF_5_79               enG5K             fsa0m_a_generic_core_ss1p62v125c
DFF_5_80               enG5K             fsa0m_a_generic_core_ss1p62v125c
DFF_5_81               enG5K             fsa0m_a_generic_core_ss1p62v125c
DFF_5_82               enG5K             fsa0m_a_generic_core_ss1p62v125c
DFF_5_83               enG5K             fsa0m_a_generic_core_ss1p62v125c
DFF_5_84               enG5K             fsa0m_a_generic_core_ss1p62v125c
DFF_5_85               enG5K             fsa0m_a_generic_core_ss1p62v125c
DFF_5_86               enG5K             fsa0m_a_generic_core_ss1p62v125c
DFF_5_87               enG5K             fsa0m_a_generic_core_ss1p62v125c
DFF_5_88               enG5K             fsa0m_a_generic_core_ss1p62v125c
DFF_5_89               enG5K             fsa0m_a_generic_core_ss1p62v125c
DFF_5_90               enG5K             fsa0m_a_generic_core_ss1p62v125c
DFF_5_91               enG5K             fsa0m_a_generic_core_ss1p62v125c
DFF_5_92               enG5K             fsa0m_a_generic_core_ss1p62v125c
DFF_5_93               enG5K             fsa0m_a_generic_core_ss1p62v125c
DFF_5_94               enG5K             fsa0m_a_generic_core_ss1p62v125c
DFF_5_95               enG5K             fsa0m_a_generic_core_ss1p62v125c
DFF_5_96               enG5K             fsa0m_a_generic_core_ss1p62v125c
DFF_5_97               enG5K             fsa0m_a_generic_core_ss1p62v125c
DFF_5_98               enG5K             fsa0m_a_generic_core_ss1p62v125c
DFF_5_99               enG5K             fsa0m_a_generic_core_ss1p62v125c
DFF_5_100              enG5K             fsa0m_a_generic_core_ss1p62v125c
DFF_5_101              enG5K             fsa0m_a_generic_core_ss1p62v125c
DFF_5_102              enG5K             fsa0m_a_generic_core_ss1p62v125c
DFF_5_103              enG5K             fsa0m_a_generic_core_ss1p62v125c
DFF_5_104              enG5K             fsa0m_a_generic_core_ss1p62v125c
DFF_5_105              enG5K             fsa0m_a_generic_core_ss1p62v125c
DFF_5_106              enG5K             fsa0m_a_generic_core_ss1p62v125c
DFF_5_107              enG5K             fsa0m_a_generic_core_ss1p62v125c
DFF_5_108              enG5K             fsa0m_a_generic_core_ss1p62v125c
DFF_5_109              enG5K             fsa0m_a_generic_core_ss1p62v125c
DFF_5_110              enG5K             fsa0m_a_generic_core_ss1p62v125c
DFF_5_111              enG5K             fsa0m_a_generic_core_ss1p62v125c
DFF_5_112              enG5K             fsa0m_a_generic_core_ss1p62v125c
DFF_5_113              enG5K             fsa0m_a_generic_core_ss1p62v125c
DFF_5_114              enG5K             fsa0m_a_generic_core_ss1p62v125c
DFF_5_115              enG5K             fsa0m_a_generic_core_ss1p62v125c
DFF_5_116              enG5K             fsa0m_a_generic_core_ss1p62v125c
DFF_5_117              enG5K             fsa0m_a_generic_core_ss1p62v125c
DFF_5_118              enG5K             fsa0m_a_generic_core_ss1p62v125c
DFF_5_119              enG5K             fsa0m_a_generic_core_ss1p62v125c
DFF_5_120              enG5K             fsa0m_a_generic_core_ss1p62v125c
DFF_5_121              enG5K             fsa0m_a_generic_core_ss1p62v125c
DFF_5_122              enG5K             fsa0m_a_generic_core_ss1p62v125c
DFF_5_123              enG5K             fsa0m_a_generic_core_ss1p62v125c
DFF_5_124              enG5K             fsa0m_a_generic_core_ss1p62v125c
DFF_5_125              enG5K             fsa0m_a_generic_core_ss1p62v125c
DFF_5_126              enG5K             fsa0m_a_generic_core_ss1p62v125c
DFF_5_127              enG5K             fsa0m_a_generic_core_ss1p62v125c
DFF_5_128              enG5K             fsa0m_a_generic_core_ss1p62v125c
DFF_5_129              enG5K             fsa0m_a_generic_core_ss1p62v125c
DFF_5_130              enG5K             fsa0m_a_generic_core_ss1p62v125c
DFF_5_131              enG5K             fsa0m_a_generic_core_ss1p62v125c
DFF_5_132              enG5K             fsa0m_a_generic_core_ss1p62v125c
DFF_5_133              enG5K             fsa0m_a_generic_core_ss1p62v125c
DFF_5_134              enG5K             fsa0m_a_generic_core_ss1p62v125c
DFF_5_135              enG5K             fsa0m_a_generic_core_ss1p62v125c
DFF_5_136              enG5K             fsa0m_a_generic_core_ss1p62v125c
DFF_5_137              enG5K             fsa0m_a_generic_core_ss1p62v125c
DFF_5_138              enG5K             fsa0m_a_generic_core_ss1p62v125c
DFF_5_139              enG5K             fsa0m_a_generic_core_ss1p62v125c
DFF_5_140              enG5K             fsa0m_a_generic_core_ss1p62v125c
DFF_5_141              enG5K             fsa0m_a_generic_core_ss1p62v125c
DFF_5_142              enG5K             fsa0m_a_generic_core_ss1p62v125c
DFF_5_143              enG5K             fsa0m_a_generic_core_ss1p62v125c
DFF_5_144              enG5K             fsa0m_a_generic_core_ss1p62v125c
DFF_5_145              enG5K             fsa0m_a_generic_core_ss1p62v125c
DFF_5_146              enG5K             fsa0m_a_generic_core_ss1p62v125c
DFF_5_147              enG5K             fsa0m_a_generic_core_ss1p62v125c
DFF_5_148              enG5K             fsa0m_a_generic_core_ss1p62v125c
DFF_5_149              enG5K             fsa0m_a_generic_core_ss1p62v125c
DFF_5_150              enG5K             fsa0m_a_generic_core_ss1p62v125c
DFF_5_151              enG5K             fsa0m_a_generic_core_ss1p62v125c
DFF_5_152              enG5K             fsa0m_a_generic_core_ss1p62v125c
DFF_5_153              enG5K             fsa0m_a_generic_core_ss1p62v125c
DFF_5_154              enG5K             fsa0m_a_generic_core_ss1p62v125c
DFF_5_155              enG5K             fsa0m_a_generic_core_ss1p62v125c
DFF_5_156              enG5K             fsa0m_a_generic_core_ss1p62v125c
DFF_5_157              enG5K             fsa0m_a_generic_core_ss1p62v125c
DFF_5_158              enG5K             fsa0m_a_generic_core_ss1p62v125c
DFF_5_159              enG5K             fsa0m_a_generic_core_ss1p62v125c
DFF_5_160              enG5K             fsa0m_a_generic_core_ss1p62v125c
DFF_5_161              enG5K             fsa0m_a_generic_core_ss1p62v125c
DFF_5_162              enG5K             fsa0m_a_generic_core_ss1p62v125c
DFF_5_163              enG5K             fsa0m_a_generic_core_ss1p62v125c
DFF_5_164              enG5K             fsa0m_a_generic_core_ss1p62v125c
DFF_5_165              enG5K             fsa0m_a_generic_core_ss1p62v125c
DFF_5_166              enG5K             fsa0m_a_generic_core_ss1p62v125c
DFF_5_167              enG5K             fsa0m_a_generic_core_ss1p62v125c
DFF_5_168              enG5K             fsa0m_a_generic_core_ss1p62v125c
DFF_5_169              enG5K             fsa0m_a_generic_core_ss1p62v125c
DFF_5_170              enG5K             fsa0m_a_generic_core_ss1p62v125c
DFF_5_171              enG5K             fsa0m_a_generic_core_ss1p62v125c
DFF_5_172              enG5K             fsa0m_a_generic_core_ss1p62v125c
DFF_5_173              enG5K             fsa0m_a_generic_core_ss1p62v125c
DFF_5_174              enG5K             fsa0m_a_generic_core_ss1p62v125c
DFF_5_175              enG5K             fsa0m_a_generic_core_ss1p62v125c
DFF_5_176              enG5K             fsa0m_a_generic_core_ss1p62v125c
DFF_5_177              enG5K             fsa0m_a_generic_core_ss1p62v125c
DFF_5_178              enG5K             fsa0m_a_generic_core_ss1p62v125c
DFF_5_179              enG5K             fsa0m_a_generic_core_ss1p62v125c
DFF_5_180              enG5K             fsa0m_a_generic_core_ss1p62v125c
DFF_5_181              enG5K             fsa0m_a_generic_core_ss1p62v125c
DFF_5_182              enG5K             fsa0m_a_generic_core_ss1p62v125c
DFF_5_183              enG5K             fsa0m_a_generic_core_ss1p62v125c
DFF_5_184              enG5K             fsa0m_a_generic_core_ss1p62v125c
DFF_5_185              enG5K             fsa0m_a_generic_core_ss1p62v125c
DFF_5_186              enG5K             fsa0m_a_generic_core_ss1p62v125c
DFF_5_187              enG5K             fsa0m_a_generic_core_ss1p62v125c
DFF_5_188              enG5K             fsa0m_a_generic_core_ss1p62v125c
DFF_5_189              enG5K             fsa0m_a_generic_core_ss1p62v125c
DFF_5_190              enG5K             fsa0m_a_generic_core_ss1p62v125c
DFF_5_191              enG5K             fsa0m_a_generic_core_ss1p62v125c
DFF_5_192              enG5K             fsa0m_a_generic_core_ss1p62v125c
DFF_5_193              enG5K             fsa0m_a_generic_core_ss1p62v125c
DFF_5_194              enG5K             fsa0m_a_generic_core_ss1p62v125c
DFF_5_195              enG5K             fsa0m_a_generic_core_ss1p62v125c
DFF_5_196              enG5K             fsa0m_a_generic_core_ss1p62v125c
DFF_5_197              enG5K             fsa0m_a_generic_core_ss1p62v125c
DFF_5_198              enG5K             fsa0m_a_generic_core_ss1p62v125c
DFF_5_199              enG5K             fsa0m_a_generic_core_ss1p62v125c
DFF_5_200              enG5K             fsa0m_a_generic_core_ss1p62v125c
DFF_5_201              enG5K             fsa0m_a_generic_core_ss1p62v125c
DFF_5_202              enG5K             fsa0m_a_generic_core_ss1p62v125c
DFF_5_203              enG5K             fsa0m_a_generic_core_ss1p62v125c
DFF_5_204              enG5K             fsa0m_a_generic_core_ss1p62v125c
DFF_5_205              enG5K             fsa0m_a_generic_core_ss1p62v125c
DFF_5_206              enG5K             fsa0m_a_generic_core_ss1p62v125c
DFF_5_207              enG5K             fsa0m_a_generic_core_ss1p62v125c
DFF_5_208              enG5K             fsa0m_a_generic_core_ss1p62v125c
DFF_5_209              enG5K             fsa0m_a_generic_core_ss1p62v125c
DFF_5_210              enG5K             fsa0m_a_generic_core_ss1p62v125c
DFF_5_211              enG5K             fsa0m_a_generic_core_ss1p62v125c
DFF_5_212              enG5K             fsa0m_a_generic_core_ss1p62v125c
DFF_5_213              enG5K             fsa0m_a_generic_core_ss1p62v125c
DFF_5_214              enG5K             fsa0m_a_generic_core_ss1p62v125c
DFF_5_215              enG5K             fsa0m_a_generic_core_ss1p62v125c
DFF_5_216              enG5K             fsa0m_a_generic_core_ss1p62v125c
DFF_5_217              enG5K             fsa0m_a_generic_core_ss1p62v125c
DFF_5_218              enG5K             fsa0m_a_generic_core_ss1p62v125c
DFF_5_219              enG5K             fsa0m_a_generic_core_ss1p62v125c
DFF_5_220              enG5K             fsa0m_a_generic_core_ss1p62v125c
DFF_5_221              enG5K             fsa0m_a_generic_core_ss1p62v125c
DFF_5_222              enG5K             fsa0m_a_generic_core_ss1p62v125c
DFF_5_223              enG5K             fsa0m_a_generic_core_ss1p62v125c
DFF_5_224              enG5K             fsa0m_a_generic_core_ss1p62v125c
DFF_5_225              enG5K             fsa0m_a_generic_core_ss1p62v125c
DFF_5_226              enG5K             fsa0m_a_generic_core_ss1p62v125c
DFF_5_227              enG5K             fsa0m_a_generic_core_ss1p62v125c
DFF_5_228              enG5K             fsa0m_a_generic_core_ss1p62v125c
DFF_5_229              enG5K             fsa0m_a_generic_core_ss1p62v125c
DFF_5_230              enG5K             fsa0m_a_generic_core_ss1p62v125c
Slave_Read_DRAM_DW01_add_0
                       enG5K             fsa0m_a_generic_core_ss1p62v125c
WDT_DW01_inc_0         enG5K             fsa0m_a_generic_core_ss1p62v125c
WDT_DW01_cmp2_0        enG5K             fsa0m_a_generic_core_ss1p62v125c
Slave_Read_0_DW01_add_0
                       enG5K             fsa0m_a_generic_core_ss1p62v125c
Slave_Read_ROM_DW01_add_0
                       enG5K             fsa0m_a_generic_core_ss1p62v125c
CPU_DW01_add_0         enG5K             fsa0m_a_generic_core_ss1p62v125c
CSR_DW01_sub_0         enG5K             fsa0m_a_generic_core_ss1p62v125c
ALU_DW_cmp_0           enG5K             fsa0m_a_generic_core_ss1p62v125c
Slave_Read_3_DW01_add_1
                       enG5K             fsa0m_a_generic_core_ss1p62v125c
Slave_Read_2_DW01_add_1
                       enG5K             fsa0m_a_generic_core_ss1p62v125c
Mul_DW_mult_uns_1      enG10K            fsa0m_a_generic_core_ss1p62v125c
CSR_DW01_inc_2         enG5K             fsa0m_a_generic_core_ss1p62v125c
CSR_DW01_inc_3         enG5K             fsa0m_a_generic_core_ss1p62v125c
ALU_DW01_sub_1         enG5K             fsa0m_a_generic_core_ss1p62v125c
ALU_DW01_add_2         enG5K             fsa0m_a_generic_core_ss1p62v125c
ALU_DW01_add_3         enG5K             fsa0m_a_generic_core_ss1p62v125c
JB_Unit_DW01_add_1     enG5K             fsa0m_a_generic_core_ss1p62v125c
Slave_Read_1_DW01_add_1
                       enG5K             fsa0m_a_generic_core_ss1p62v125c


Global Operating Voltage = 1.62 
Power-specific unit information :
    Voltage Units = 1V
    Capacitance Units = 1.000000pf
    Time Units = 1ns
    Dynamic Power Units = 1mW    (derived from V,C,T units)
    Leakage Power Units = 1pW


  Cell Internal Power  = 319.9496 mW   (97%)
  Net Switching Power  =   9.4621 mW    (3%)
                         ---------
Total Dynamic Power    = 329.4117 mW  (100%)

Cell Leakage Power     =   1.4596 mW


                 Internal         Switching           Leakage            Total
Power Group      Power            Power               Power              Power   (   %    )  Attrs
--------------------------------------------------------------------------------------------------
io_pad             0.0000            0.0000            0.0000            0.0000  (   0.00%)
memory           236.8117        9.5772e-02        1.2679e+09          238.1754  (  71.98%)
black_box          0.0000            0.0000            0.0000            0.0000  (   0.00%)
clock_network      0.0000            0.0000            0.0000            0.0000  (   0.00%)
register          80.6620            0.1655        1.1790e+08           80.9453  (  24.46%)
sequential         0.0000            0.0000            0.0000            0.0000  (   0.00%)
combinational      2.4754            9.2009        7.3785e+07           11.7500  (   3.55%)
--------------------------------------------------------------------------------------------------
Total            319.9492 mW         9.4622 mW     1.4596e+09 pW       330.8707 mW
1
