Loading db file '/usr/cad/CBDK/CBDK018_UMC_Faraday_v1.0/orig_lib/fsa0m_a/2009Q2v2.0/GENERIC_CORE/FrontEnd/synopsys/fsa0m_a_generic_core_ss1p62v125c.db'
Loading db file '/home/user2/vsd23/vsd2317/HW2_cycle8/sim/SRAM/SRAM_WC.db'
Information: Propagating switching activity (low effort zero delay simulation). (PWR-6)
Warning: Design has unannotated primary inputs. (PWR-414)
Warning: Design has unannotated sequential cell outputs. (PWR-415)
Warning: Design has unannotated black box outputs. (PWR-428)
 
****************************************
Report : power
        -analysis_effort low
Design : top
Version: O-2018.06
Date   : Sat Oct 28 14:53:27 2023
****************************************


Library(s) Used:

    fsa0m_a_generic_core_ss1p62v125c (File: /usr/cad/CBDK/CBDK018_UMC_Faraday_v1.0/orig_lib/fsa0m_a/2009Q2v2.0/GENERIC_CORE/FrontEnd/synopsys/fsa0m_a_generic_core_ss1p62v125c.db)
    SRAM_WC (File: /home/user2/vsd23/vsd2317/HW2_cycle8/sim/SRAM/SRAM_WC.db)


Operating Conditions: WCCOM   Library: fsa0m_a_generic_core_ss1p62v125c
Wire Load Model Mode: enclosed

Design        Wire Load Model            Library
------------------------------------------------
top                    enG1000K          fsa0m_a_generic_core_ss1p62v125c
CPU_wrapper            enG50K            fsa0m_a_generic_core_ss1p62v125c
AXI                    enG5K             fsa0m_a_generic_core_ss1p62v125c
SRAM_wrapper_0         enG500K           fsa0m_a_generic_core_ss1p62v125c
Controller             enG5K             fsa0m_a_generic_core_ss1p62v125c
Mux_0                  enG5K             fsa0m_a_generic_core_ss1p62v125c
Reg_PC                 enG5K             fsa0m_a_generic_core_ss1p62v125c
Master_Read_0          enG5K             fsa0m_a_generic_core_ss1p62v125c
Reg_IF_ID              enG5K             fsa0m_a_generic_core_ss1p62v125c
MUX_fordelay           enG5K             fsa0m_a_generic_core_ss1p62v125c
Decoder                enG5K             fsa0m_a_generic_core_ss1p62v125c
Imm_Ext                enG5K             fsa0m_a_generic_core_ss1p62v125c
RegFile                enG30K            fsa0m_a_generic_core_ss1p62v125c
Reg_ID_EXE             enG5K             fsa0m_a_generic_core_ss1p62v125c
Mux_3_0                enG5K             fsa0m_a_generic_core_ss1p62v125c
ALU                    enG5K             fsa0m_a_generic_core_ss1p62v125c
Mul                    enG30K            fsa0m_a_generic_core_ss1p62v125c
JB_Unit                enG5K             fsa0m_a_generic_core_ss1p62v125c
CSR                    enG5K             fsa0m_a_generic_core_ss1p62v125c
Reg_EXE_MEM            enG5K             fsa0m_a_generic_core_ss1p62v125c
wen_shift              enG5K             fsa0m_a_generic_core_ss1p62v125c
Master_Write           enG5K             fsa0m_a_generic_core_ss1p62v125c
Reg_MEM_WB             enG5K             fsa0m_a_generic_core_ss1p62v125c
LD_Filter              enG5K             fsa0m_a_generic_core_ss1p62v125c
Bridge_Write           enG5K             fsa0m_a_generic_core_ss1p62v125c
Bridge_Read            enG5K             fsa0m_a_generic_core_ss1p62v125c
Slave_Read_0           enG5K             fsa0m_a_generic_core_ss1p62v125c
Slave_Write_0          enG5K             fsa0m_a_generic_core_ss1p62v125c
SRAM_wrapper_1         enG500K           fsa0m_a_generic_core_ss1p62v125c
Mux_1                  enG5K             fsa0m_a_generic_core_ss1p62v125c
Mux_2                  enG5K             fsa0m_a_generic_core_ss1p62v125c
Mux_3                  enG5K             fsa0m_a_generic_core_ss1p62v125c
Mux_4                  enG5K             fsa0m_a_generic_core_ss1p62v125c
Mux_5                  enG5K             fsa0m_a_generic_core_ss1p62v125c
Mux_6                  enG5K             fsa0m_a_generic_core_ss1p62v125c
Master_Read_1          enG5K             fsa0m_a_generic_core_ss1p62v125c
Mux_3_1                enG5K             fsa0m_a_generic_core_ss1p62v125c
Mux_3_2                enG5K             fsa0m_a_generic_core_ss1p62v125c
Slave_Read_1           enG5K             fsa0m_a_generic_core_ss1p62v125c
Slave_Write_1          enG5K             fsa0m_a_generic_core_ss1p62v125c
ALU_DW_cmp_0           enG5K             fsa0m_a_generic_core_ss1p62v125c
Mul_DW_mult_uns_1      enG30K            fsa0m_a_generic_core_ss1p62v125c
ALU_DW01_sub_1         enG5K             fsa0m_a_generic_core_ss1p62v125c
ALU_DW01_add_2         enG5K             fsa0m_a_generic_core_ss1p62v125c
ALU_DW01_add_3         enG5K             fsa0m_a_generic_core_ss1p62v125c
CSR_DW01_inc_2         enG5K             fsa0m_a_generic_core_ss1p62v125c
CSR_DW01_inc_3         enG5K             fsa0m_a_generic_core_ss1p62v125c
JB_Unit_DW01_add_1     enG5K             fsa0m_a_generic_core_ss1p62v125c
CPU_wrapper_DW01_add_1 enG5K             fsa0m_a_generic_core_ss1p62v125c


Global Operating Voltage = 1.62 
Power-specific unit information :
    Voltage Units = 1V
    Capacitance Units = 1.000000pf
    Time Units = 1ns
    Dynamic Power Units = 1mW    (derived from V,C,T units)
    Leakage Power Units = 1pW


  Cell Internal Power  = 153.8268 mW   (99%)
  Net Switching Power  =   1.8190 mW    (1%)
                         ---------
Total Dynamic Power    = 155.6458 mW  (100%)

Cell Leakage Power     =   1.2447 mW


                 Internal         Switching           Leakage            Total
Power Group      Power            Power               Power              Power   (   %    )  Attrs
--------------------------------------------------------------------------------------------------
io_pad             0.0000            0.0000            0.0000            0.0000  (   0.00%)
memory           143.4275        7.6569e-02        1.2171e+09          144.7212  (  92.24%)
black_box          0.0000            0.0000            0.0000            0.0000  (   0.00%)
clock_network      0.0000            0.0000            0.0000            0.0000  (   0.00%)
register           9.9097        5.2491e-02        7.0879e+06            9.9693  (   6.35%)
sequential         0.0000            0.0000            0.0000            0.0000  (   0.00%)
combinational      0.4895            1.6901        2.0457e+07            2.2000  (   1.40%)
--------------------------------------------------------------------------------------------------
Total            153.8268 mW         1.8191 mW     1.2447e+09 pW       156.8906 mW
1
